[2016-07-19 14:54] [PACMAN] Running 'pacman -Syu --root /tmp/newmsys/msys64'
[2016-07-19 14:54] [PACMAN] synchronizing package lists
[2016-07-19 14:54] [PACMAN] starting core system upgrade
[2016-07-19 14:54] [PACMAN] starting full system upgrade
[2016-07-19 14:54] [PACMAN] Running 'pacman -S --noconfirm --root /tmp/newmsys/msys64 base'
[2016-07-19 14:54] [ALPM] transaction started
[2016-07-19 14:54] [ALPM] installed msys2-runtime (2.5.2-2)
[2016-07-19 14:54] [ALPM] installed bash (4.3.046-1)
[2016-07-19 14:54] [ALPM] installed bash-completion (2.3-1)
[2016-07-19 14:54] [ALPM] installed gcc-libs (5.3.0-3)
[2016-07-19 14:54] [ALPM] installed libbz2 (1.0.6-2)
[2016-07-19 14:54] [ALPM] installed libiconv (1.14-2)
[2016-07-19 14:54] [ALPM] installed libintl (0.19.7-3)
[2016-07-19 14:54] [ALPM] installed libgettextpo (0.19.7-3)
[2016-07-19 14:54] [ALPM] installed libasprintf (0.19.7-3)
[2016-07-19 14:54] [ALPM] installed gettext (0.19.7-3)
[2016-07-19 14:54] [ALPM] installed liblzma (5.2.2-1)
[2016-07-19 14:54] [ALPM] installed liblzo2 (2.09-1)
[2016-07-19 14:54] [ALPM] installed gmp (6.1.0-2)
[2016-07-19 14:54] [ALPM] installed libnettle (3.2-1)
[2016-07-19 14:54] [ALPM] installed coreutils (8.25-1)
[2016-07-19 14:54] [ALPM] installed ncurses (6.0.20160220-1)
[2016-07-19 14:54] [ALPM] installed libreadline (6.3.008-7)
[2016-07-19 14:54] [ALPM] installed zlib (1.2.8-3)
[2016-07-19 14:54] [ALPM] installed libxml2 (2.9.2-2)
[2016-07-19 14:55] [ALPM] installed bsdcpio (3.2.0-1)
[2016-07-19 14:55] [ALPM] installed bsdtar (3.2.0-1)
[2016-07-19 14:55] [ALPM] installed bzip2 (1.0.6-2)
[2016-07-19 14:55] [ALPM] installed libcatgets (1.1-2)
[2016-07-19 14:55] [ALPM] installed catgets (1.1-2)
[2016-07-19 14:55] [ALPM] installed libcrypt (1.3-1)
[2016-07-19 14:55] [ALPM] installed crypt (1.3-1)
[2016-07-19 14:55] [ALPM] installed libopenssl (1.0.2.h-1)
[2016-07-19 14:55] [ALPM] installed openssl (1.0.2.h-1)
[2016-07-19 14:55] [ALPM] installed findutils (4.6.0-1)
[2016-07-19 14:55] [ALPM] installed sed (4.2.2-2)
[2016-07-19 14:55] [ALPM] installed libffi (3.2.1-1)
[2016-07-19 14:55] [ALPM] installed libpcre (8.38-1)
[2016-07-19 14:55] [ALPM] installed less (481-1)
[2016-07-19 14:55] [ALPM] installed gzip (1.7-1)
[2016-07-19 14:55] [ALPM] installed info (6.0-1)
[2016-07-19 14:55] [ALPM] installed libtasn1 (4.7-1)
[2016-07-19 14:55] [ALPM] installed libp11-kit (0.23.2-1)
[2016-07-19 14:55] [ALPM] installed p11-kit (0.23.2-1)
[2016-07-19 14:55] [ALPM] installed ca-certificates (20150426-1)
[2016-07-19 14:55] [ALPM] installed libdb (5.3.28-2)
[2016-07-19 14:55] [ALPM] installed libedit (3.1-20150325)
[2016-07-19 14:55] [ALPM] installed icu (56.1-1)
[2016-07-19 14:55] [ALPM] installed libsqlite (3.10.0.0-1)
[2016-07-19 14:55] [ALPM] installed heimdal-libs (1.5.3-9)
[2016-07-19 14:55] [ALPM] installed libidn (1.32-1)
[2016-07-19 14:55] [ALPM] installed libexpat (2.1.1-1)
[2016-07-19 14:55] [ALPM] installed libmetalink (0.1.2-2)
[2016-07-19 14:55] [ALPM] installed libssh2 (1.7.0-1)
[2016-07-19 14:55] [ALPM] installed libcurl (7.49.1-1)
[2016-07-19 14:55] [ALPM] installed curl (7.49.1-1)
[2016-07-19 14:55] [ALPM] installed filesystem (2016.07-2)
[2016-07-19 14:55] [ALPM] installed grep (2.22-3)
[2016-07-19 14:55] [ALPM] installed dash (0.5.8-1)
[2016-07-19 14:55] [ALPM] installed file (5.25-1)
[2016-07-19 14:55] [ALPM] installed m4 (1.4.17-4)
[2016-07-19 14:55] [ALPM] installed flex (2.6.0-1)
[2016-07-19 14:55] [ALPM] installed mpfr (3.1.4-1)
[2016-07-19 14:55] [ALPM] installed gawk (4.1.3-1)
[2016-07-19 14:55] [ALPM] installed tftp-hpa (5.2-1)
[2016-07-19 14:55] [ALPM] installed inetutils (1.9.2-1)
[2016-07-19 14:55] [ALPM] installed lndir (1.0.3-1)
[2016-07-19 14:55] [ALPM] installed mintty (1~2.4.0-1)
[2016-07-19 14:55] [ALPM] installed msys2-keyring (r9.397a52e-1)
[2016-07-19 14:55] [ALPM] installed msys2-launcher-git (0.3.29.4028b6c-1)
[2016-07-19 14:55] [ALPM] installed gnupg (1.4.20-1)
[2016-07-19 14:55] [ALPM-SCRIPTLET] rm: ошибка получения атрибутов '/': No such file or directory
[2016-07-19 14:55] [ALPM-SCRIPTLET] /tmp/alpm_lcIHrj/.INSTALL: line 11: pacman-key: команда не найдена
[2016-07-19 14:55] [ALPM-SCRIPTLET] /tmp/alpm_lcIHrj/.INSTALL: line 12: pacman-key: команда не найдена
[2016-07-19 14:55] [ALPM] installed pacman-mirrors (20160112-1)
[2016-07-19 14:55] [ALPM] installed which (2.21-2)
[2016-07-19 14:55] [ALPM] installed xz (5.2.2-1)
[2016-07-19 14:55] [ALPM] installed pacman (5.0.1-1)
[2016-07-19 14:55] [ALPM] installed libarchive (3.2.0-1)
[2016-07-19 14:55] [ALPM] installed libpcre16 (8.38-1)
[2016-07-19 14:55] [ALPM] installed libpcre32 (8.38-1)
[2016-07-19 14:55] [ALPM] installed libpcrecpp (8.38-1)
[2016-07-19 14:55] [ALPM] installed libpcreposix (8.38-1)
[2016-07-19 14:55] [ALPM] installed pcre (8.38-1)
[2016-07-19 14:55] [ALPM] installed pkgfile (15-1)
[2016-07-19 14:55] [ALPM-SCRIPTLET] ==> Run 'pkgfile --update' to initialize the database
[2016-07-19 14:55] [ALPM] installed libgpg-error (1.23-1)
[2016-07-19 14:55] [ALPM] installed libassuan (2.4.2-1)
[2016-07-19 14:55] [ALPM] installed libgpgme (1.6.0-1)
[2016-07-19 14:55] [ALPM] installed libutil-linux (2.26.2-1)
[2016-07-19 14:55] [ALPM] installed wget (1.17.1-3)
[2016-07-19 14:55] [ALPM] installed pactoys-git (r2.07ca37f-1)
[2016-07-19 14:55] [ALPM] installed pax-git (20140703.2.1.g469552a-1)
[2016-07-19 14:55] [ALPM] installed rebase (4.4.2-1)
[2016-07-19 14:55] [ALPM] installed time (1.7-1)
[2016-07-19 14:55] [ALPM] installed ttyrec (1.0.8-1)
[2016-07-19 14:55] [ALPM] installed tzcode (2015.e-1)
[2016-07-19 14:55] [ALPM] installed util-linux (2.26.2-1)
[2016-07-19 14:55] [ALPM] transaction completed
[2017-04-01 17:03] [PACMAN] Running 'pacman --noconfirm -Syuu'
[2017-04-01 17:03] [PACMAN] synchronizing package lists
[2017-04-01 17:03] [PACMAN] Running 'pacman --noconfirm -Syuu'
[2017-04-01 17:03] [PACMAN] synchronizing package lists
[2017-04-01 17:03] [PACMAN] starting core system upgrade
[2017-04-01 17:06] [ALPM] transaction started
[2017-04-01 17:06] [ALPM] upgraded msys2-runtime (2.5.2-2 -> 2.7.0-1)
[2017-04-01 17:06] [ALPM] upgraded bash (4.3.046-1 -> 4.4.012-1)
[2017-04-01 17:06] [ALPM] upgraded filesystem (2016.07-2 -> 2017.02-4)
[2017-04-01 17:06] [ALPM] upgraded mintty (1~2.4.0-1 -> 1~2.7.3-1)
[2017-04-01 17:06] [ALPM] upgraded pacman (5.0.1-1 -> 5.0.1-2)
[2017-04-01 17:06] [ALPM] transaction completed
[2017-04-05 16:29] [PACMAN] Running 'Pacman -S git'
[2017-04-05 16:33] [PACMAN] Running 'Pacman -S git'
[2017-04-05 16:37] [PACMAN] Running 'Pacman -S git'
[2017-04-05 17:11] [PACMAN] Running 'Pacman -S git'
[2017-04-05 17:16] [PACMAN] Running 'Pacman -S make'
[2017-04-05 17:18] [PACMAN] Running 'pacman -S gnupg'
[2017-04-05 17:25] [PACMAN] Running 'Pacman -S make'
[2017-04-05 17:26] [PACMAN] Running 'Pacman -S make'
[2017-04-06 08:29] [PACMAN] Running 'Pacman -S make'
[2017-04-06 08:32] [PACMAN] Running 'Pacman -S make'
[2017-04-06 08:32] [ALPM] transaction started
[2017-04-06 08:32] [ALPM] installed make (4.2.1-1)
[2017-04-06 08:32] [ALPM-SCRIPTLET] 无法更改根目录 (Bad address)
[2017-04-06 08:32] [ALPM] transaction completed
[2017-04-06 08:33] [PACMAN] Running 'Pacman -S bash'
[2017-04-06 08:33] [ALPM] transaction started
[2017-04-06 08:33] [ALPM] reinstalled bash (4.4.012-1)
[2017-04-06 08:33] [ALPM] transaction completed
[2017-04-06 08:34] [PACMAN] Running 'Pacman -S git'
[2017-04-06 08:35] [ALPM] transaction started
[2017-04-06 08:35] [ALPM] installed expat (2.2.0-2)
[2017-04-06 08:35] [ALPM] installed vim (8.0.0237-1)
[2017-04-06 08:35] [ALPM] installed heimdal (1.5.3-9)
[2017-04-06 08:35] [ALPM] installed openssh (7.3p1-2)
[2017-04-06 08:35] [ALPM] installed db (5.3.28-2)
[2017-04-06 08:35] [ALPM] installed libgdbm (1.11-3)
[2017-04-06 08:35] [ALPM] installed gdbm (1.11-3)
[2017-04-06 08:35] [ALPM-SCRIPTLET] 无法更改根目录 (Bad address)
[2017-04-06 08:37] [ALPM] installed perl (5.24.1-2)
[2017-04-06 08:37] [ALPM] installed perl-Error (0.17024-1)
[2017-04-06 08:37] [ALPM] installed perl-Authen-SASL (2.16-2)
[2017-04-06 08:37] [ALPM] installed perl-Encode-Locale (1.04-1)
[2017-04-06 08:37] [ALPM] installed perl-HTTP-Date (6.02-2)
[2017-04-06 08:37] [ALPM] installed perl-File-Listing (6.04-2)
[2017-04-06 08:37] [ALPM] installed perl-HTML-Tagset (3.20-2)
[2017-04-06 08:37] [ALPM] installed perl-HTML-Parser (3.72-1)
[2017-04-06 08:37] [ALPM] installed perl-LWP-MediaTypes (6.02-2)
[2017-04-06 08:37] [ALPM] installed perl-URI (1.68-1)
[2017-04-06 08:37] [ALPM] installed perl-HTTP-Message (6.06-2)
[2017-04-06 08:37] [ALPM] installed perl-HTTP-Cookies (6.01-2)
[2017-04-06 08:37] [ALPM] installed perl-HTTP-Daemon (6.01-2)
[2017-04-06 08:37] [ALPM] installed perl-HTTP-Negotiate (6.01-2)
[2017-04-06 08:37] [ALPM] installed perl-Net-HTTP (6.09-1)
[2017-04-06 08:37] [ALPM] installed perl-WWW-RobotRules (6.02-2)
[2017-04-06 08:37] [ALPM] installed perl-libwww (6.13-1)
[2017-04-06 08:37] [ALPM] installed perl-TimeDate (2.30-2)
[2017-04-06 08:37] [ALPM] installed perl-MailTools (2.14-1)
[2017-04-06 08:37] [ALPM] installed perl-IO-stringy (2.111-1)
[2017-04-06 08:37] [ALPM] installed perl-Convert-BinHex (1.123-2)
[2017-04-06 08:37] [ALPM-SCRIPTLET] 无法更改根目录 (Bad address)
[2017-04-06 08:37] [ALPM] installed perl-MIME-tools (5.506-1)
[2017-04-06 08:37] [ALPM] installed perl-Net-SSLeay (1.80-1)
[2017-04-06 08:38] [ALPM] installed perl-IO-Socket-SSL (2.016-1)
[2017-04-06 08:38] [ALPM] installed perl-Net-SMTP-SSL (1.02-1)
[2017-04-06 08:38] [ALPM] installed perl-TermReadKey (2.37-1)
[2017-04-06 08:38] [ALPM] installed git (2.12.1-1)
[2017-04-06 08:38] [ALPM] transaction completed
[2017-04-06 08:40] [PACMAN] Running 'Pacman -S make'
[2017-04-06 08:40] [ALPM] transaction started
[2017-04-06 08:40] [ALPM] reinstalled make (4.2.1-1)
[2017-04-06 08:40] [ALPM-SCRIPTLET] 无法更改根目录 (Bad address)
[2017-04-06 08:40] [ALPM] transaction completed
[2017-04-06 08:42] [PACMAN] Running 'Pacman -S make'
[2017-04-06 08:43] [ALPM] transaction started
[2017-04-06 08:43] [ALPM] reinstalled make (4.2.1-1)
[2017-04-06 08:43] [ALPM-SCRIPTLET] 无法更改根目录 (Bad address)
[2017-04-06 08:43] [ALPM] transaction completed
[2017-04-06 13:31] [PACMAN] Running 'pacman -S make git gcc gperf bison ncurses-devel python2'
[2017-04-06 13:57] [PACMAN] Running 'pacman -S gcc gperf bison ncurses-devel python2'
[2017-04-06 13:58] [ALPM] transaction started
[2017-04-06 13:58] [ALPM] upgraded gcc-libs (5.3.0-3 -> 6.3.0-1)
[2017-04-06 13:58] [ALPM-SCRIPTLET] /tmp/alpm_BrI5IT/.INSTALL: 行 6:  9572 Segmentation fault      install-info $infodir/$file.gz $infodir/dir 2> /dev/null
[2017-04-06 13:58] [ALPM-SCRIPTLET] /tmp/alpm_BrI5IT/.INSTALL: 行 6:  9736 Segmentation fault      install-info $infodir/$file.gz $infodir/dir 2> /dev/null
[2017-04-06 13:58] [ALPM] installed binutils (2.25.1-2)
[2017-04-06 13:58] [ALPM] installed isl (0.16.1-1)
[2017-04-06 13:58] [ALPM] installed mpc (1.0.3-1)
[2017-04-06 13:58] [ALPM-SCRIPTLET] /tmp/alpm_XnTENX/.INSTALL: 行 6:  7908 Segmentation fault      install-info ${info_dir}/$f.gz ${info_dir}/dir 2> /dev/null
[2017-04-06 13:58] [ALPM] installed msys2-runtime-devel (2.7.0-1)
[2017-04-06 13:58] [ALPM] installed msys2-w32api-headers (5.0.0.4766.db8f08d-1)
[2017-04-06 13:58] [ALPM] installed msys2-w32api-runtime (5.0.0.4766.db8f08d-1)
[2017-04-06 13:58] [ALPM] installed windows-default-manifest (6.4-1)
[2017-04-06 13:58] [ALPM] installed gcc (6.3.0-1)
[2017-04-06 13:58] [ALPM-SCRIPTLET] /tmp/alpm_dxbnjd/.INSTALL: 行 6: 10048 Segmentation fault      install-info $infodir/$file.gz $infodir/dir 2> /dev/null
[2017-04-06 13:58] [ALPM-SCRIPTLET] /tmp/alpm_dxbnjd/.INSTALL: 行 6: 10052 Segmentation fault      install-info $infodir/$file.gz $infodir/dir 2> /dev/null
[2017-04-06 13:58] [ALPM-SCRIPTLET] /tmp/alpm_dxbnjd/.INSTALL: 行 6:  7416 Segmentation fault      install-info $infodir/$file.gz $infodir/dir 2> /dev/null
[2017-04-06 13:58] [ALPM-SCRIPTLET] /tmp/alpm_dxbnjd/.INSTALL: 行 6:  9684 Segmentation fault      install-info $infodir/$file.gz $infodir/dir 2> /dev/null
[2017-04-06 13:58] [ALPM-SCRIPTLET] /tmp/alpm_dxbnjd/.INSTALL: 行 6:  6524 Segmentation fault      install-info $infodir/$file.gz $infodir/dir 2> /dev/null
[2017-04-06 13:59] [ALPM] upgraded ncurses (6.0.20160220-1 -> 6.0.20170121-1)
[2017-04-06 13:59] [ALPM] installed gperf (3.1-1)
[2017-04-06 13:59] [ALPM-SCRIPTLET] /tmp/alpm_WizqvW/.INSTALL: 行 4:  9288 Segmentation fault      install-info $infodir/$file $infodir/dir 2> /dev/null
[2017-04-06 13:59] [ALPM] installed bison (3.0.4-1)
[2017-04-06 13:59] [ALPM-SCRIPTLET] /tmp/alpm_KVd0Tt/.INSTALL: 行 4:  8228 Segmentation fault      install-info $infodir/$file $infodir/dir 2> /dev/null
[2017-04-06 13:59] [ALPM] installed ncurses-devel (6.0.20170121-1)
[2017-04-06 13:59] [ALPM] installed python2 (2.7.13-1)
[2017-04-06 13:59] [ALPM] transaction completed
[2017-04-10 16:26] [PACMAN] Running 'pacman -S pwd'
[2017-04-10 16:26] [PACMAN] Running 'pacman -S pwd'
[2017-04-10 17:39] [PACMAN] Running 'pacman -S tar'
[2017-04-10 17:39] [ALPM] transaction started
[2017-04-10 17:39] [ALPM] installed tar (1.29-1)
[2017-04-10 17:40] [ALPM-SCRIPTLET] /tmp/alpm_S5OHmH/.INSTALL: 行 6: 12008 Segmentation fault      install-info $infodir/$file.gz $infodir/dir 2> /dev/null
[2017-04-10 17:40] [ALPM-SCRIPTLET] /tmp/alpm_S5OHmH/.INSTALL: 行 6: 11500 Segmentation fault      install-info $infodir/$file.gz $infodir/dir 2> /dev/null
[2017-04-10 17:40] [ALPM-SCRIPTLET] /tmp/alpm_S5OHmH/.INSTALL: 行 6:  3640 Segmentation fault      install-info $infodir/$file.gz $infodir/dir 2> /dev/null
[2017-04-10 17:40] [ALPM] transaction completed
[2017-04-12 11:08] [PACMAN] Running 'pacman -S Kconfig'
[2017-04-12 12:08] [PACMAN] Running 'pacman -S git'
[2017-04-12 12:09] [PACMAN] Running 'pacman -R git'
